# JRE version: OpenJDK Runtime Environment (8.0_242-b01) (build 1.8.0_242-release-1644-b01)
# Java VM: OpenJDK 64-Bit Server VM (25.242-b01 mixed mode windows-amd64 compressed oops)
Heap:
 PSYoungGen      total 446976K, used 53450K [0x00000000e0000000, 0x0000000100000000, 0x0000000100000000)
  eden space 381952K, 0% used [0x00000000e0000000,0x00000000e0000000,0x00000000f7500000)
  from space 65024K, 82% used [0x00000000f7500000,0x00000000fa932a28,0x00000000fb480000)
  to   space 71168K, 0% used [0x00000000fba80000,0x00000000fba80000,0x0000000100000000)
 ParOldGen       total 172544K, used 165130K [0x00000000a0000000, 0x00000000aa880000, 0x00000000e0000000)
  object space 172544K, 95% used [0x00000000a0000000,0x00000000aa142a38,0x00000000aa880000)
 Metaspace       used 83759K, capacity 87148K, committed 87296K, reserved 1124352K
  class space    used 10988K, capacity 11690K, committed 11776K, reserved 1048576K
GC Heap History (10 events):
Event: 37.972 GC heap after
Heap after GC invocations=18 (full 3):
 PSYoungGen      total 300544K, used 17605K [0x00000000e0000000, 0x00000000fa000000, 0x0000000100000000)
  eden space 262656K, 0% used [0x00000000e0000000,0x00000000e0000000,0x00000000f0080000)
  from space 37888K, 46% used [0x00000000f0080000,0x00000000f11b1538,0x00000000f2580000)
  to   space 36352K, 0% used [0x00000000f7c80000,0x00000000f7c80000,0x00000000fa000000)
 ParOldGen       total 154112K, used 56865K [0x00000000a0000000, 0x00000000a9680000, 0x00000000e0000000)
  object space 154112K, 36% used [0x00000000a0000000,0x00000000a3788590,0x00000000a9680000)
 Metaspace       used 67373K, capacity 69968K, committed 70144K, reserved 1110016K
  class space    used 9077K, capacity 9650K, committed 9728K, reserved 1048576K
}
Event: 43.439 GC heap before
{Heap before GC invocations=19 (full 3):
 PSYoungGen      total 300544K, used 280261K [0x00000000e0000000, 0x00000000fa000000, 0x0000000100000000)
  eden space 262656K, 100% used [0x00000000e0000000,0x00000000f0080000,0x00000000f0080000)
  from space 37888K, 46% used [0x00000000f0080000,0x00000000f11b1538,0x00000000f2580000)
  to   space 36352K, 0% used [0x00000000f7c80000,0x00000000f7c80000,0x00000000fa000000)
 ParOldGen       total 154112K, used 56865K [0x00000000a0000000, 0x00000000a9680000, 0x00000000e0000000)
  object space 154112K, 36% used [0x00000000a0000000,0x00000000a3788590,0x00000000a9680000)
 Metaspace       used 68693K, capacity 71290K, committed 71552K, reserved 1112064K
  class space    used 9211K, capacity 9787K, committed 9856K, reserved 1048576K
Event: 43.472 GC heap after
Heap after GC invocations=19 (full 3):
 PSYoungGen      total 367104K, used 14208K [0x00000000e0000000, 0x00000000f9380000, 0x0000000100000000)
  eden space 343552K, 0% used [0x00000000e0000000,0x00000000e0000000,0x00000000f4f80000)
  from space 23552K, 60% used [0x00000000f7c80000,0x00000000f8a600f8,0x00000000f9380000)
  to   space 34816K, 0% used [0x00000000f4f80000,0x00000000f4f80000,0x00000000f7180000)
 ParOldGen       total 154112K, used 65370K [0x00000000a0000000, 0x00000000a9680000, 0x00000000e0000000)
  object space 154112K, 42% used [0x00000000a0000000,0x00000000a3fd6b18,0x00000000a9680000)
 Metaspace       used 68693K, capacity 71290K, committed 71552K, reserved 1112064K
  class space    used 9211K, capacity 9787K, committed 9856K, reserved 1048576K
}
Event: 57.469 GC heap before
{Heap before GC invocations=20 (full 3):
 PSYoungGen      total 367104K, used 357760K [0x00000000e0000000, 0x00000000f9380000, 0x0000000100000000)
  eden space 343552K, 100% used [0x00000000e0000000,0x00000000f4f80000,0x00000000f4f80000)
  from space 23552K, 60% used [0x00000000f7c80000,0x00000000f8a600f8,0x00000000f9380000)
  to   space 34816K, 0% used [0x00000000f4f80000,0x00000000f4f80000,0x00000000f7180000)
 ParOldGen       total 154112K, used 65370K [0x00000000a0000000, 0x00000000a9680000, 0x00000000e0000000)
  object space 154112K, 42% used [0x00000000a0000000,0x00000000a3fd6b18,0x00000000a9680000)
 Metaspace       used 74584K, capacity 77410K, committed 77696K, reserved 1116160K
  class space    used 9942K, capacity 10559K, committed 10624K, reserved 1048576K
Event: 57.534 GC heap after
Heap after GC invocations=20 (full 3):
 PSYoungGen      total 378368K, used 34785K [0x00000000e0000000, 0x00000000fdd00000, 0x0000000100000000)
  eden space 343552K, 0% used [0x00000000e0000000,0x00000000e0000000,0x00000000f4f80000)
  from space 34816K, 99% used [0x00000000f4f80000,0x00000000f7178520,0x00000000f7180000)
  to   space 41472K, 0% used [0x00000000fb480000,0x00000000fb480000,0x00000000fdd00000)
 ParOldGen       total 154112K, used 69867K [0x00000000a0000000, 0x00000000a9680000, 0x00000000e0000000)
  object space 154112K, 45% used [0x00000000a0000000,0x00000000a443acf8,0x00000000a9680000)
 Metaspace       used 74584K, capacity 77410K, committed 77696K, reserved 1116160K
  class space    used 9942K, capacity 10559K, committed 10624K, reserved 1048576K
}
Event: 66.245 GC heap before
{Heap before GC invocations=21 (full 3):
 PSYoungGen      total 378368K, used 377129K [0x00000000e0000000, 0x00000000fdd00000, 0x0000000100000000)
  eden space 343552K, 99% used [0x00000000e0000000,0x00000000f4e52278,0x00000000f4f80000)
  from space 34816K, 99% used [0x00000000f4f80000,0x00000000f7178520,0x00000000f7180000)
  to   space 41472K, 0% used [0x00000000fb480000,0x00000000fb480000,0x00000000fdd00000)
 ParOldGen       total 154112K, used 73128K [0x00000000a0000000, 0x00000000a9680000, 0x00000000e0000000)
  object space 154112K, 47% used [0x00000000a0000000,0x00000000a476a060,0x00000000a9680000)
 Metaspace       used 77425K, capacity 80542K, committed 80640K, reserved 1118208K
  class space    used 10331K, capacity 10997K, committed 11008K, reserved 1048576K
Event: 66.322 GC heap after
Heap after GC invocations=21 (full 3):
 PSYoungGen      total 423424K, used 41450K [0x00000000e0000000, 0x0000000100000000, 0x0000000100000000)
  eden space 381952K, 0% used [0x00000000e0000000,0x00000000e0000000,0x00000000f7500000)
  from space 41472K, 99% used [0x00000000fb480000,0x00000000fdcfaa08,0x00000000fdd00000)
  to   space 65024K, 0% used [0x00000000f7500000,0x00000000f7500000,0x00000000fb480000)
 ParOldGen       total 154112K, used 119718K [0x00000000a0000000, 0x00000000a9680000, 0x00000000e0000000)
  object space 154112K, 77% used [0x00000000a0000000,0x00000000a74e9b80,0x00000000a9680000)
 Metaspace       used 77425K, capacity 80542K, committed 80640K, reserved 1118208K
  class space    used 10331K, capacity 10997K, committed 11008K, reserved 1048576K
}
Event: 1407.622 GC heap before
{Heap before GC invocations=22 (full 3):
 PSYoungGen      total 423424K, used 423402K [0x00000000e0000000, 0x0000000100000000, 0x0000000100000000)
  eden space 381952K, 100% used [0x00000000e0000000,0x00000000f7500000,0x00000000f7500000)
  from space 41472K, 99% used [0x00000000fb480000,0x00000000fdcfaa08,0x00000000fdd00000)
  to   space 65024K, 0% used [0x00000000f7500000,0x00000000f7500000,0x00000000fb480000)
 ParOldGen       total 154112K, used 119740K [0x00000000a0000000, 0x00000000a9680000, 0x00000000e0000000)
  object space 154112K, 77% used [0x00000000a0000000,0x00000000a74ef3c8,0x00000000a9680000)
 Metaspace       used 83759K, capacity 87148K, committed 87296K, reserved 1124352K
  class space    used 10988K, capacity 11690K, committed 11776K, reserved 1048576K
Event: 1407.809 GC heap after
Heap after GC invocations=22 (full 3):
 PSYoungGen      total 446976K, used 53450K [0x00000000e0000000, 0x0000000100000000, 0x0000000100000000)
  eden space 381952K, 0% used [0x00000000e0000000,0x00000000e0000000,0x00000000f7500000)
  from space 65024K, 82% used [0x00000000f7500000,0x00000000fa932a28,0x00000000fb480000)
  to   space 71168K, 0% used [0x00000000fba80000,0x00000000fba80000,0x0000000100000000)
 ParOldGen       total 172544K, used 165130K [0x00000000a0000000, 0x00000000aa880000, 0x00000000e0000000)
  object space 172544K, 95% used [0x00000000a0000000,0x00000000aa142a38,0x00000000aa880000)
 Metaspace       used 83759K, capacity 87148K, committed 87296K, reserved 1124352K
  class space    used 10988K, capacity 11690K, committed 11776K, reserved 1048576K
}
Event: 1407.809 GC heap before
{Heap before GC invocations=23 (full 4):
 PSYoungGen      total 446976K, used 53450K [0x00000000e0000000, 0x0000000100000000, 0x0000000100000000)
  eden space 381952K, 0% used [0x00000000e0000000,0x00000000e0000000,0x00000000f7500000)
  from space 65024K, 82% used [0x00000000f7500000,0x00000000fa932a28,0x00000000fb480000)
  to   space 71168K, 0% used [0x00000000fba80000,0x00000000fba80000,0x0000000100000000)
 ParOldGen       total 172544K, used 165130K [0x00000000a0000000, 0x00000000aa880000, 0x00000000e0000000)
  object space 172544K, 95% used [0x00000000a0000000,0x00000000aa142a38,0x00000000aa880000)
 Metaspace       used 83759K, capacity 87148K, committed 87296K, reserved 1124352K
  class space    used 10988K, capacity 11690K, committed 11776K, reserved 1048576K

