# JRE version: OpenJDK Runtime Environment (8.0_242-b01) (build 1.8.0_242-release-1644-b01)
# Java VM: OpenJDK 64-Bit Server VM (25.242-b01 mixed mode windows-amd64 compressed oops)
Heap:
 PSYoungGen      total 349696K, used 46544K [0x00000000e0000000, 0x00000000fff80000, 0x0000000100000000)
  eden space 175104K, 0% used [0x00000000e0000000,0x00000000e0000000,0x00000000eab00000)
  from space 174592K, 26% used [0x00000000eab00000,0x00000000ed874330,0x00000000f5580000)
  to   space 173568K, 0% used [0x00000000f5600000,0x00000000f5600000,0x00000000fff80000)
 ParOldGen       total 354816K, used 303485K [0x00000000a0000000, 0x00000000b5a80000, 0x00000000e0000000)
  object space 354816K, 85% used [0x00000000a0000000,0x00000000b285f640,0x00000000b5a80000)
 Metaspace       used 120669K, capacity 125720K, committed 126080K, reserved 1159168K
  class space    used 15131K, capacity 16180K, committed 16256K, reserved 1048576K
GC Heap History (10 events):
Event: 5325.865 GC heap after
Heap after GC invocations=34 (full 5):
 PSYoungGen      total 295936K, used 112401K [0x00000000e0000000, 0x0000000100000000, 0x0000000100000000)
  eden space 183296K, 0% used [0x00000000e0000000,0x00000000e0000000,0x00000000eb300000)
  from space 112640K, 99% used [0x00000000eb300000,0x00000000f20c4480,0x00000000f2100000)
  to   space 174592K, 0% used [0x00000000f5580000,0x00000000f5580000,0x0000000100000000)
 ParOldGen       total 354816K, used 159833K [0x00000000a0000000, 0x00000000b5a80000, 0x00000000e0000000)
  object space 354816K, 45% used [0x00000000a0000000,0x00000000a9c16780,0x00000000b5a80000)
 Metaspace       used 114485K, capacity 119272K, committed 119424K, reserved 1153024K
  class space    used 14477K, capacity 15468K, committed 15488K, reserved 1048576K
}
Event: 5328.150 GC heap before
{Heap before GC invocations=35 (full 5):
 PSYoungGen      total 295936K, used 295697K [0x00000000e0000000, 0x0000000100000000, 0x0000000100000000)
  eden space 183296K, 100% used [0x00000000e0000000,0x00000000eb300000,0x00000000eb300000)
  from space 112640K, 99% used [0x00000000eb300000,0x00000000f20c4480,0x00000000f2100000)
  to   space 174592K, 0% used [0x00000000f5580000,0x00000000f5580000,0x0000000100000000)
 ParOldGen       total 354816K, used 159833K [0x00000000a0000000, 0x00000000b5a80000, 0x00000000e0000000)
  object space 354816K, 45% used [0x00000000a0000000,0x00000000a9c16780,0x00000000b5a80000)
 Metaspace       used 114828K, capacity 119706K, committed 120064K, reserved 1153024K
  class space    used 14501K, capacity 15509K, committed 15616K, reserved 1048576K
Event: 5328.411 GC heap after
Heap after GC invocations=35 (full 5):
 PSYoungGen      total 355840K, used 84557K [0x00000000e0000000, 0x0000000100000000, 0x0000000100000000)
  eden space 181248K, 0% used [0x00000000e0000000,0x00000000e0000000,0x00000000eb100000)
  from space 174592K, 48% used [0x00000000f5580000,0x00000000fa8136a0,0x0000000100000000)
  to   space 168448K, 0% used [0x00000000eb100000,0x00000000eb100000,0x00000000f5580000)
 ParOldGen       total 354816K, used 212992K [0x00000000a0000000, 0x00000000b5a80000, 0x00000000e0000000)
  object space 354816K, 60% used [0x00000000a0000000,0x00000000ad000040,0x00000000b5a80000)
 Metaspace       used 114828K, capacity 119706K, committed 120064K, reserved 1153024K
  class space    used 14501K, capacity 15509K, committed 15616K, reserved 1048576K
}
Event: 5333.877 GC heap before
{Heap before GC invocations=36 (full 5):
 PSYoungGen      total 355840K, used 265805K [0x00000000e0000000, 0x0000000100000000, 0x0000000100000000)
  eden space 181248K, 100% used [0x00000000e0000000,0x00000000eb100000,0x00000000eb100000)
  from space 174592K, 48% used [0x00000000f5580000,0x00000000fa8136a0,0x0000000100000000)
  to   space 168448K, 0% used [0x00000000eb100000,0x00000000eb100000,0x00000000f5580000)
 ParOldGen       total 354816K, used 212992K [0x00000000a0000000, 0x00000000b5a80000, 0x00000000e0000000)
  object space 354816K, 60% used [0x00000000a0000000,0x00000000ad000040,0x00000000b5a80000)
 Metaspace       used 120005K, capacity 124996K, committed 125184K, reserved 1159168K
  class space    used 15067K, capacity 16112K, committed 16128K, reserved 1048576K
Event: 5334.195 GC heap after
Heap after GC invocations=36 (full 5):
 PSYoungGen      total 349696K, used 113557K [0x00000000e0000000, 0x0000000100000000, 0x0000000100000000)
  eden space 181248K, 0% used [0x00000000e0000000,0x00000000e0000000,0x00000000eb100000)
  from space 168448K, 67% used [0x00000000eb100000,0x00000000f1fe56c0,0x00000000f5580000)
  to   space 173056K, 0% used [0x00000000f5700000,0x00000000f5700000,0x0000000100000000)
 ParOldGen       total 354816K, used 246692K [0x00000000a0000000, 0x00000000b5a80000, 0x00000000e0000000)
  object space 354816K, 69% used [0x00000000a0000000,0x00000000af0e9328,0x00000000b5a80000)
 Metaspace       used 120005K, capacity 124996K, committed 125184K, reserved 1159168K
  class space    used 15067K, capacity 16112K, committed 16128K, reserved 1048576K
}
Event: 5335.868 GC heap before
{Heap before GC invocations=37 (full 5):
 PSYoungGen      total 349696K, used 294805K [0x00000000e0000000, 0x0000000100000000, 0x0000000100000000)
  eden space 181248K, 100% used [0x00000000e0000000,0x00000000eb100000,0x00000000eb100000)
  from space 168448K, 67% used [0x00000000eb100000,0x00000000f1fe56c0,0x00000000f5580000)
  to   space 173056K, 0% used [0x00000000f5700000,0x00000000f5700000,0x0000000100000000)
 ParOldGen       total 354816K, used 246692K [0x00000000a0000000, 0x00000000b5a80000, 0x00000000e0000000)
  object space 354816K, 69% used [0x00000000a0000000,0x00000000af0e9328,0x00000000b5a80000)
 Metaspace       used 120642K, capacity 125720K, committed 126080K, reserved 1159168K
  class space    used 15131K, capacity 16180K, committed 16256K, reserved 1048576K
Event: 5336.154 GC heap after
Heap after GC invocations=37 (full 5):
 PSYoungGen      total 348160K, used 114232K [0x00000000e0000000, 0x0000000100000000, 0x0000000100000000)
  eden space 175104K, 0% used [0x00000000e0000000,0x00000000e0000000,0x00000000eab00000)
  from space 173056K, 66% used [0x00000000f5700000,0x00000000fc68e1c0,0x0000000100000000)
  to   space 174592K, 0% used [0x00000000eab00000,0x00000000eab00000,0x00000000f5580000)
 ParOldGen       total 354816K, used 266522K [0x00000000a0000000, 0x00000000b5a80000, 0x00000000e0000000)
  object space 354816K, 75% used [0x00000000a0000000,0x00000000b0446858,0x00000000b5a80000)
 Metaspace       used 120642K, capacity 125720K, committed 126080K, reserved 1159168K
  class space    used 15131K, capacity 16180K, committed 16256K, reserved 1048576K
}
Event: 5337.668 GC heap before
{Heap before GC invocations=38 (full 5):
 PSYoungGen      total 348160K, used 289336K [0x00000000e0000000, 0x0000000100000000, 0x0000000100000000)
  eden space 175104K, 100% used [0x00000000e0000000,0x00000000eab00000,0x00000000eab00000)
  from space 173056K, 66% used [0x00000000f5700000,0x00000000fc68e1c0,0x0000000100000000)
  to   space 174592K, 0% used [0x00000000eab00000,0x00000000eab00000,0x00000000f5580000)
 ParOldGen       total 354816K, used 266522K [0x00000000a0000000, 0x00000000b5a80000, 0x00000000e0000000)
  object space 354816K, 75% used [0x00000000a0000000,0x00000000b0446858,0x00000000b5a80000)
 Metaspace       used 120669K, capacity 125720K, committed 126080K, reserved 1159168K
  class space    used 15131K, capacity 16180K, committed 16256K, reserved 1048576K
Event: 5337.814 GC heap after
Heap after GC invocations=38 (full 5):
 PSYoungGen      total 349696K, used 46544K [0x00000000e0000000, 0x00000000fff80000, 0x0000000100000000)
  eden space 175104K, 0% used [0x00000000e0000000,0x00000000e0000000,0x00000000eab00000)
  from space 174592K, 26% used [0x00000000eab00000,0x00000000ed874330,0x00000000f5580000)
  to   space 173568K, 0% used [0x00000000f5600000,0x00000000f5600000,0x00000000fff80000)
 ParOldGen       total 354816K, used 303485K [0x00000000a0000000, 0x00000000b5a80000, 0x00000000e0000000)
  object space 354816K, 85% used [0x00000000a0000000,0x00000000b285f640,0x00000000b5a80000)
 Metaspace       used 120669K, capacity 125720K, committed 126080K, reserved 1159168K
  class space    used 15131K, capacity 16180K, committed 16256K, reserved 1048576K
}
Event: 5337.814 GC heap before
{Heap before GC invocations=39 (full 6):
 PSYoungGen      total 349696K, used 46544K [0x00000000e0000000, 0x00000000fff80000, 0x0000000100000000)
  eden space 175104K, 0% used [0x00000000e0000000,0x00000000e0000000,0x00000000eab00000)
  from space 174592K, 26% used [0x00000000eab00000,0x00000000ed874330,0x00000000f5580000)
  to   space 173568K, 0% used [0x00000000f5600000,0x00000000f5600000,0x00000000fff80000)
 ParOldGen       total 354816K, used 303485K [0x00000000a0000000, 0x00000000b5a80000, 0x00000000e0000000)
  object space 354816K, 85% used [0x00000000a0000000,0x00000000b285f640,0x00000000b5a80000)
 Metaspace       used 120669K, capacity 125720K, committed 126080K, reserved 1159168K
  class space    used 15131K, capacity 16180K, committed 16256K, reserved 1048576K

