# JRE version: OpenJDK Runtime Environment (8.0_242-b01) (build 1.8.0_242-release-1644-b01)
# Java VM: OpenJDK 64-Bit Server VM (25.242-b01 mixed mode windows-amd64 compressed oops)
Heap:
 PSYoungGen      total 320512K, used 320498K [0x00000000e0000000, 0x00000000fba00000, 0x0000000100000000)
  eden space 266240K, 100% used [0x00000000e0000000,0x00000000f0400000,0x00000000f0400000)
  from space 54272K, 99% used [0x00000000f0400000,0x00000000f38fc890,0x00000000f3900000)
  to   space 69120K, 54% used [0x00000000f7680000,0x00000000f9b05638,0x00000000fba00000)
 ParOldGen       total 158720K, used 116333K [0x00000000a0000000, 0x00000000a9b00000, 0x00000000e0000000)
  object space 158720K, 73% used [0x00000000a0000000,0x00000000a719b618,0x00000000a9b00000)
 Metaspace       used 81968K, capacity 85210K, committed 85504K, reserved 1122304K
  class space    used 11023K, capacity 11721K, committed 11776K, reserved 1048576K
GC Heap History (10 events):
Event: 27.933 GC heap after
Heap after GC invocations=16 (full 3):
 PSYoungGen      total 225792K, used 26104K [0x00000000e0000000, 0x00000000f2080000, 0x0000000100000000)
  eden space 199680K, 0% used [0x00000000e0000000,0x00000000e0000000,0x00000000ec300000)
  from space 26112K, 99% used [0x00000000ec300000,0x00000000edc7e298,0x00000000edc80000)
  to   space 30208K, 0% used [0x00000000f0300000,0x00000000f0300000,0x00000000f2080000)
 ParOldGen       total 158720K, used 37284K [0x00000000a0000000, 0x00000000a9b00000, 0x00000000e0000000)
  object space 158720K, 23% used [0x00000000a0000000,0x00000000a24691f0,0x00000000a9b00000)
 Metaspace       used 66957K, capacity 69356K, committed 69504K, reserved 1110016K
  class space    used 9059K, capacity 9576K, committed 9600K, reserved 1048576K
}
Event: 31.113 GC heap before
{Heap before GC invocations=17 (full 3):
 PSYoungGen      total 225792K, used 225784K [0x00000000e0000000, 0x00000000f2080000, 0x0000000100000000)
  eden space 199680K, 100% used [0x00000000e0000000,0x00000000ec300000,0x00000000ec300000)
  from space 26112K, 99% used [0x00000000ec300000,0x00000000edc7e298,0x00000000edc80000)
  to   space 30208K, 0% used [0x00000000f0300000,0x00000000f0300000,0x00000000f2080000)
 ParOldGen       total 158720K, used 37284K [0x00000000a0000000, 0x00000000a9b00000, 0x00000000e0000000)
  object space 158720K, 23% used [0x00000000a0000000,0x00000000a24691f0,0x00000000a9b00000)
 Metaspace       used 72134K, capacity 74614K, committed 74880K, reserved 1114112K
  class space    used 9713K, capacity 10269K, committed 10368K, reserved 1048576K
Event: 31.182 GC heap after
Heap after GC invocations=17 (full 3):
 PSYoungGen      total 256512K, used 30184K [0x00000000e0000000, 0x00000000f3700000, 0x0000000100000000)
  eden space 226304K, 0% used [0x00000000e0000000,0x00000000e0000000,0x00000000edd00000)
  from space 30208K, 99% used [0x00000000f0300000,0x00000000f207a0b8,0x00000000f2080000)
  to   space 38912K, 0% used [0x00000000edd00000,0x00000000edd00000,0x00000000f0300000)
 ParOldGen       total 158720K, used 48779K [0x00000000a0000000, 0x00000000a9b00000, 0x00000000e0000000)
  object space 158720K, 30% used [0x00000000a0000000,0x00000000a2fa2dc0,0x00000000a9b00000)
 Metaspace       used 72134K, capacity 74614K, committed 74880K, reserved 1114112K
  class space    used 9713K, capacity 10269K, committed 10368K, reserved 1048576K
}
Event: 36.894 GC heap before
{Heap before GC invocations=18 (full 3):
 PSYoungGen      total 256512K, used 256488K [0x00000000e0000000, 0x00000000f3700000, 0x0000000100000000)
  eden space 226304K, 100% used [0x00000000e0000000,0x00000000edd00000,0x00000000edd00000)
  from space 30208K, 99% used [0x00000000f0300000,0x00000000f207a0b8,0x00000000f2080000)
  to   space 38912K, 0% used [0x00000000edd00000,0x00000000edd00000,0x00000000f0300000)
 ParOldGen       total 158720K, used 48779K [0x00000000a0000000, 0x00000000a9b00000, 0x00000000e0000000)
  object space 158720K, 30% used [0x00000000a0000000,0x00000000a2fa2dc0,0x00000000a9b00000)
 Metaspace       used 75351K, capacity 78020K, committed 78336K, reserved 1116160K
  class space    used 10078K, capacity 10652K, committed 10752K, reserved 1048576K
Event: 37.009 GC heap after
Heap after GC invocations=18 (full 3):
 PSYoungGen      total 265216K, used 38888K [0x00000000e0000000, 0x00000000f6980000, 0x0000000100000000)
  eden space 226304K, 0% used [0x00000000e0000000,0x00000000e0000000,0x00000000edd00000)
  from space 38912K, 99% used [0x00000000edd00000,0x00000000f02fa0e0,0x00000000f0300000)
  to   space 49664K, 0% used [0x00000000f3900000,0x00000000f3900000,0x00000000f6980000)
 ParOldGen       total 158720K, used 61520K [0x00000000a0000000, 0x00000000a9b00000, 0x00000000e0000000)
  object space 158720K, 38% used [0x00000000a0000000,0x00000000a3c14088,0x00000000a9b00000)
 Metaspace       used 75351K, capacity 78020K, committed 78336K, reserved 1116160K
  class space    used 10078K, capacity 10652K, committed 10752K, reserved 1048576K
}
Event: 39.935 GC heap before
{Heap before GC invocations=19 (full 3):
 PSYoungGen      total 265216K, used 265192K [0x00000000e0000000, 0x00000000f6980000, 0x0000000100000000)
  eden space 226304K, 100% used [0x00000000e0000000,0x00000000edd00000,0x00000000edd00000)
  from space 38912K, 99% used [0x00000000edd00000,0x00000000f02fa0e0,0x00000000f0300000)
  to   space 49664K, 0% used [0x00000000f3900000,0x00000000f3900000,0x00000000f6980000)
 ParOldGen       total 158720K, used 61537K [0x00000000a0000000, 0x00000000a9b00000, 0x00000000e0000000)
  object space 158720K, 38% used [0x00000000a0000000,0x00000000a3c186c8,0x00000000a9b00000)
 Metaspace       used 77074K, capacity 79850K, committed 80128K, reserved 1118208K
  class space    used 10315K, capacity 10929K, committed 11008K, reserved 1048576K
Event: 40.063 GC heap after
Heap after GC invocations=19 (full 3):
 PSYoungGen      total 315904K, used 39340K [0x00000000e0000000, 0x00000000f7700000, 0x0000000100000000)
  eden space 266240K, 0% used [0x00000000e0000000,0x00000000e0000000,0x00000000f0400000)
  from space 49664K, 79% used [0x00000000f3900000,0x00000000f5f6b030,0x00000000f6980000)
  to   space 54272K, 0% used [0x00000000f0400000,0x00000000f0400000,0x00000000f3900000)
 ParOldGen       total 158720K, used 82976K [0x00000000a0000000, 0x00000000a9b00000, 0x00000000e0000000)
  object space 158720K, 52% used [0x00000000a0000000,0x00000000a5108230,0x00000000a9b00000)
 Metaspace       used 77074K, capacity 79850K, committed 80128K, reserved 1118208K
  class space    used 10315K, capacity 10929K, committed 11008K, reserved 1048576K
}
Event: 41.416 GC heap before
{Heap before GC invocations=20 (full 3):
 PSYoungGen      total 315904K, used 305580K [0x00000000e0000000, 0x00000000f7700000, 0x0000000100000000)
  eden space 266240K, 100% used [0x00000000e0000000,0x00000000f0400000,0x00000000f0400000)
  from space 49664K, 79% used [0x00000000f3900000,0x00000000f5f6b030,0x00000000f6980000)
  to   space 54272K, 0% used [0x00000000f0400000,0x00000000f0400000,0x00000000f3900000)
 ParOldGen       total 158720K, used 83005K [0x00000000a0000000, 0x00000000a9b00000, 0x00000000e0000000)
  object space 158720K, 52% used [0x00000000a0000000,0x00000000a510f570,0x00000000a9b00000)
 Metaspace       used 78544K, capacity 81490K, committed 81536K, reserved 1120256K
  class space    used 10496K, capacity 11135K, committed 11136K, reserved 1048576K
Event: 41.540 GC heap after
Heap after GC invocations=20 (full 3):
 PSYoungGen      total 320512K, used 54258K [0x00000000e0000000, 0x00000000fba00000, 0x0000000100000000)
  eden space 266240K, 0% used [0x00000000e0000000,0x00000000e0000000,0x00000000f0400000)
  from space 54272K, 99% used [0x00000000f0400000,0x00000000f38fc890,0x00000000f3900000)
  to   space 69120K, 0% used [0x00000000f7680000,0x00000000f7680000,0x00000000fba00000)
 ParOldGen       total 158720K, used 100076K [0x00000000a0000000, 0x00000000a9b00000, 0x00000000e0000000)
  object space 158720K, 63% used [0x00000000a0000000,0x00000000a61bb3c0,0x00000000a9b00000)
 Metaspace       used 78544K, capacity 81490K, committed 81536K, reserved 1120256K
  class space    used 10496K, capacity 11135K, committed 11136K, reserved 1048576K
}
Event: 43.003 GC heap before
{Heap before GC invocations=21 (full 3):
 PSYoungGen      total 320512K, used 320498K [0x00000000e0000000, 0x00000000fba00000, 0x0000000100000000)
  eden space 266240K, 100% used [0x00000000e0000000,0x00000000f0400000,0x00000000f0400000)
  from space 54272K, 99% used [0x00000000f0400000,0x00000000f38fc890,0x00000000f3900000)
  to   space 69120K, 0% used [0x00000000f7680000,0x00000000f7680000,0x00000000fba00000)
 ParOldGen       total 158720K, used 100245K [0x00000000a0000000, 0x00000000a9b00000, 0x00000000e0000000)
  object space 158720K, 63% used [0x00000000a0000000,0x00000000a61e5568,0x00000000a9b00000)
 Metaspace       used 81968K, capacity 85210K, committed 85504K, reserved 1122304K
  class space    used 11023K, capacity 11721K, committed 11776K, reserved 1048576K

