# JRE version: OpenJDK Runtime Environment (8.0_242-b01) (build 1.8.0_242-release-1644-b01)
# Java VM: OpenJDK 64-Bit Server VM (25.242-b01 mixed mode windows-amd64 compressed oops)
Heap:
 PSYoungGen      total 75776K, used 8764K [0x00000000e0000000, 0x00000000e5700000, 0x0000000100000000)
  eden space 65536K, 0% used [0x00000000e0000000,0x00000000e0000000,0x00000000e4000000)
  from space 10240K, 85% used [0x00000000e4b00000,0x00000000e538f3e8,0x00000000e5500000)
  to   space 11264K, 0% used [0x00000000e4000000,0x00000000e4000000,0x00000000e4b00000)
 ParOldGen       total 87552K, used 7056K [0x00000000a0000000, 0x00000000a5580000, 0x00000000e0000000)
  object space 87552K, 8% used [0x00000000a0000000,0x00000000a06e40a0,0x00000000a5580000)
 Metaspace       used 20640K, capacity 21104K, committed 21296K, reserved 1067008K
  class space    used 2970K, capacity 3130K, committed 3200K, reserved 1048576K
GC Heap History (10 events):
Event: 3.586 GC heap after
Heap after GC invocations=2 (full 0):
 PSYoungGen      total 38400K, used 3245K [0x00000000e0000000, 0x00000000e2a80000, 0x0000000100000000)
  eden space 33280K, 0% used [0x00000000e0000000,0x00000000e0000000,0x00000000e2080000)
  from space 5120K, 63% used [0x00000000e2580000,0x00000000e28ab6f0,0x00000000e2a80000)
  to   space 5120K, 0% used [0x00000000e2080000,0x00000000e2080000,0x00000000e2580000)
 ParOldGen       total 87552K, used 16K [0x00000000a0000000, 0x00000000a5580000, 0x00000000e0000000)
  object space 87552K, 0% used [0x00000000a0000000,0x00000000a0004000,0x00000000a5580000)
 Metaspace       used 7387K, capacity 7652K, committed 7936K, reserved 1056768K
  class space    used 901K, capacity 980K, committed 1024K, reserved 1048576K
}
Event: 5.358 GC heap before
{Heap before GC invocations=3 (full 0):
 PSYoungGen      total 38400K, used 36525K [0x00000000e0000000, 0x00000000e2a80000, 0x0000000100000000)
  eden space 33280K, 100% used [0x00000000e0000000,0x00000000e2080000,0x00000000e2080000)
  from space 5120K, 63% used [0x00000000e2580000,0x00000000e28ab6f0,0x00000000e2a80000)
  to   space 5120K, 0% used [0x00000000e2080000,0x00000000e2080000,0x00000000e2580000)
 ParOldGen       total 87552K, used 16K [0x00000000a0000000, 0x00000000a5580000, 0x00000000e0000000)
  object space 87552K, 0% used [0x00000000a0000000,0x00000000a0004000,0x00000000a5580000)
 Metaspace       used 12324K, capacity 12728K, committed 12800K, reserved 1060864K
  class space    used 1644K, capacity 1772K, committed 1792K, reserved 1048576K
Event: 5.376 GC heap after
Heap after GC invocations=3 (full 0):
 PSYoungGen      total 38400K, used 5120K [0x00000000e0000000, 0x00000000e2a80000, 0x0000000100000000)
  eden space 33280K, 0% used [0x00000000e0000000,0x00000000e0000000,0x00000000e2080000)
  from space 5120K, 100% used [0x00000000e2080000,0x00000000e2580000,0x00000000e2580000)
  to   space 5120K, 0% used [0x00000000e2580000,0x00000000e2580000,0x00000000e2a80000)
 ParOldGen       total 87552K, used 1234K [0x00000000a0000000, 0x00000000a5580000, 0x00000000e0000000)
  object space 87552K, 1% used [0x00000000a0000000,0x00000000a0134b98,0x00000000a5580000)
 Metaspace       used 12324K, capacity 12728K, committed 12800K, reserved 1060864K
  class space    used 1644K, capacity 1772K, committed 1792K, reserved 1048576K
}
Event: 6.142 GC heap before
{Heap before GC invocations=4 (full 0):
 PSYoungGen      total 38400K, used 38400K [0x00000000e0000000, 0x00000000e2a80000, 0x0000000100000000)
  eden space 33280K, 100% used [0x00000000e0000000,0x00000000e2080000,0x00000000e2080000)
  from space 5120K, 100% used [0x00000000e2080000,0x00000000e2580000,0x00000000e2580000)
  to   space 5120K, 0% used [0x00000000e2580000,0x00000000e2580000,0x00000000e2a80000)
 ParOldGen       total 87552K, used 1234K [0x00000000a0000000, 0x00000000a5580000, 0x00000000e0000000)
  object space 87552K, 1% used [0x00000000a0000000,0x00000000a0134b98,0x00000000a5580000)
 Metaspace       used 14688K, capacity 15104K, committed 15232K, reserved 1062912K
  class space    used 2045K, capacity 2160K, committed 2176K, reserved 1048576K
Event: 6.161 GC heap after
Heap after GC invocations=4 (full 0):
 PSYoungGen      total 38400K, used 5104K [0x00000000e0000000, 0x00000000e4b00000, 0x0000000100000000)
  eden space 33280K, 0% used [0x00000000e0000000,0x00000000e0000000,0x00000000e2080000)
  from space 5120K, 99% used [0x00000000e2580000,0x00000000e2a7c030,0x00000000e2a80000)
  to   space 5120K, 0% used [0x00000000e2080000,0x00000000e2080000,0x00000000e2580000)
 ParOldGen       total 87552K, used 3673K [0x00000000a0000000, 0x00000000a5580000, 0x00000000e0000000)
  object space 87552K, 4% used [0x00000000a0000000,0x00000000a03964e0,0x00000000a5580000)
 Metaspace       used 14688K, capacity 15104K, committed 15232K, reserved 1062912K
  class space    used 2045K, capacity 2160K, committed 2176K, reserved 1048576K
}
Event: 8.313 GC heap before
{Heap before GC invocations=5 (full 0):
 PSYoungGen      total 38400K, used 38384K [0x00000000e0000000, 0x00000000e4b00000, 0x0000000100000000)
  eden space 33280K, 100% used [0x00000000e0000000,0x00000000e2080000,0x00000000e2080000)
  from space 5120K, 99% used [0x00000000e2580000,0x00000000e2a7c030,0x00000000e2a80000)
  to   space 5120K, 0% used [0x00000000e2080000,0x00000000e2080000,0x00000000e2580000)
 ParOldGen       total 87552K, used 3673K [0x00000000a0000000, 0x00000000a5580000, 0x00000000e0000000)
  object space 87552K, 4% used [0x00000000a0000000,0x00000000a03964e0,0x00000000a5580000)
 Metaspace       used 17523K, capacity 17932K, committed 18048K, reserved 1064960K
  class space    used 2516K, capacity 2660K, committed 2688K, reserved 1048576K
Event: 8.351 GC heap after
Heap after GC invocations=5 (full 0):
 PSYoungGen      total 38400K, used 5107K [0x00000000e0000000, 0x00000000e5500000, 0x0000000100000000)
  eden space 33280K, 0% used [0x00000000e0000000,0x00000000e0000000,0x00000000e2080000)
  from space 5120K, 99% used [0x00000000e2080000,0x00000000e257cc00,0x00000000e2580000)
  to   space 10240K, 0% used [0x00000000e4b00000,0x00000000e4b00000,0x00000000e5500000)
 ParOldGen       total 87552K, used 7048K [0x00000000a0000000, 0x00000000a5580000, 0x00000000e0000000)
  object space 87552K, 8% used [0x00000000a0000000,0x00000000a06e20a0,0x00000000a5580000)
 Metaspace       used 17523K, capacity 17932K, committed 18048K, reserved 1064960K
  class space    used 2516K, capacity 2660K, committed 2688K, reserved 1048576K
}
Event: 9.670 GC heap before
{Heap before GC invocations=6 (full 0):
 PSYoungGen      total 38400K, used 35236K [0x00000000e0000000, 0x00000000e5500000, 0x0000000100000000)
  eden space 33280K, 90% used [0x00000000e0000000,0x00000000e1d6c4b8,0x00000000e2080000)
  from space 5120K, 99% used [0x00000000e2080000,0x00000000e257cc00,0x00000000e2580000)
  to   space 10240K, 0% used [0x00000000e4b00000,0x00000000e4b00000,0x00000000e5500000)
 ParOldGen       total 87552K, used 7048K [0x00000000a0000000, 0x00000000a5580000, 0x00000000e0000000)
  object space 87552K, 8% used [0x00000000a0000000,0x00000000a06e20a0,0x00000000a5580000)
 Metaspace       used 20640K, capacity 21104K, committed 21296K, reserved 1067008K
  class space    used 2970K, capacity 3130K, committed 3200K, reserved 1048576K
Event: 9.682 GC heap after
Heap after GC invocations=6 (full 0):
 PSYoungGen      total 75776K, used 8764K [0x00000000e0000000, 0x00000000e5700000, 0x0000000100000000)
  eden space 65536K, 0% used [0x00000000e0000000,0x00000000e0000000,0x00000000e4000000)
  from space 10240K, 85% used [0x00000000e4b00000,0x00000000e538f3e8,0x00000000e5500000)
  to   space 11264K, 0% used [0x00000000e4000000,0x00000000e4000000,0x00000000e4b00000)
 ParOldGen       total 87552K, used 7056K [0x00000000a0000000, 0x00000000a5580000, 0x00000000e0000000)
  object space 87552K, 8% used [0x00000000a0000000,0x00000000a06e40a0,0x00000000a5580000)
 Metaspace       used 20640K, capacity 21104K, committed 21296K, reserved 1067008K
  class space    used 2970K, capacity 3130K, committed 3200K, reserved 1048576K
}
Event: 9.682 GC heap before
{Heap before GC invocations=7 (full 1):
 PSYoungGen      total 75776K, used 8764K [0x00000000e0000000, 0x00000000e5700000, 0x0000000100000000)
  eden space 65536K, 0% used [0x00000000e0000000,0x00000000e0000000,0x00000000e4000000)
  from space 10240K, 85% used [0x00000000e4b00000,0x00000000e538f3e8,0x00000000e5500000)
  to   space 11264K, 0% used [0x00000000e4000000,0x00000000e4000000,0x00000000e4b00000)
 ParOldGen       total 87552K, used 7056K [0x00000000a0000000, 0x00000000a5580000, 0x00000000e0000000)
  object space 87552K, 8% used [0x00000000a0000000,0x00000000a06e40a0,0x00000000a5580000)
 Metaspace       used 20640K, capacity 21104K, committed 21296K, reserved 1067008K
  class space    used 2970K, capacity 3130K, committed 3200K, reserved 1048576K

